Base path: /Applications/Unity/Unity.app/Contents
Pipe name: \\.\pipe\UnityShaderCompiler-1--1586503256
Cmd: getPlatforms
Cmd: preprocess
  insize=1611 outsize=1090 ok=1
Cmd: compileSnippet
  api=0 type=0 insize=5378 outsize=1058 kw=DIRECTIONAL SHADOWS_OFF LIGHTMAP_OFF DIRLIGHTMAP_OFF ok=1
Cmd: compileSnippet
  api=0 type=1 insize=5378 outsize=869 kw=DIRECTIONAL SHADOWS_OFF LIGHTMAP_OFF DIRLIGHTMAP_OFF ok=1
Cmd: compileSnippet
  api=0 type=0 insize=3357 outsize=857 kw=POINT ok=1
Cmd: compileSnippet
  api=0 type=1 insize=3357 outsize=1076 kw=POINT ok=1
Cmd: preprocess
  insize=1409 outsize=1028 ok=1
Cmd: compileSnippet
  api=0 type=0 insize=5091 outsize=919 kw=DIRECTIONAL SHADOWS_OFF LIGHTMAP_OFF DIRLIGHTMAP_OFF ok=1
Cmd: compileSnippet
  api=0 type=1 insize=5091 outsize=512 kw=DIRECTIONAL SHADOWS_OFF LIGHTMAP_OFF DIRLIGHTMAP_OFF ok=1
Cmd: compileSnippet
  api=0 type=0 insize=3067 outsize=817 kw=POINT ok=1
Cmd: compileSnippet
  api=0 type=1 insize=3067 outsize=748 kw=POINT ok=1
Cmd: preprocess
  insize=1678 outsize=1173 ok=1
Cmd: compileSnippet
  api=0 type=0 insize=5451 outsize=1058 kw=DIRECTIONAL LIGHTMAP_OFF DIRLIGHTMAP_OFF ok=1
Cmd: compileSnippet
  api=0 type=1 insize=5451 outsize=785 kw=DIRECTIONAL LIGHTMAP_OFF DIRLIGHTMAP_OFF ok=1
Cmd: compileSnippet
  api=0 type=0 insize=3412 outsize=857 kw=POINT ok=1
Cmd: compileSnippet
  api=0 type=1 insize=3412 outsize=1019 kw=POINT ok=1
Cmd: preprocess
  insize=1740 outsize=1176 ok=1
Cmd: compileSnippet
  api=0 type=0 insize=5421 outsize=1058 kw=DIRECTIONAL SHADOWS_OFF LIGHTMAP_OFF DIRLIGHTMAP_OFF ok=1
Cmd: compileSnippet
  api=0 type=1 insize=5421 outsize=848 kw=DIRECTIONAL SHADOWS_OFF LIGHTMAP_OFF DIRLIGHTMAP_OFF ok=1
Cmd: compileSnippet
  api=0 type=0 insize=3400 outsize=857 kw=POINT ok=1
Cmd: compileSnippet
  api=0 type=1 insize=3400 outsize=1061 kw=POINT ok=1
Cmd: preprocess
  insize=1690 outsize=1131 ok=1
Cmd: compileSnippet
  api=0 type=0 insize=5438 outsize=1058 kw=DIRECTIONAL SHADOWS_OFF LIGHTMAP_OFF DIRLIGHTMAP_OFF ok=1
Cmd: compileSnippet
  api=0 type=1 insize=5438 outsize=790 kw=DIRECTIONAL SHADOWS_OFF LIGHTMAP_OFF DIRLIGHTMAP_OFF ok=1
Cmd: compileSnippet
  api=0 type=0 insize=3244 outsize=817 kw=POINT ok=1
Cmd: compileSnippet
  api=0 type=1 insize=3244 outsize=748 kw=POINT ok=1
Cmd: preprocess
  insize=434 outsize=1180 ok=1
Cmd: compileSnippet
  api=0 type=0 insize=4279 outsize=919 kw=DIRECTIONAL SHADOWS_OFF LIGHTMAP_OFF DIRLIGHTMAP_OFF ok=1
Cmd: compileSnippet
  api=0 type=1 insize=4279 outsize=360 kw=DIRECTIONAL SHADOWS_OFF LIGHTMAP_OFF DIRLIGHTMAP_OFF ok=1
Cmd: compileSnippet
  api=0 type=0 insize=2255 outsize=817 kw=POINT ok=1
Cmd: compileSnippet
  api=0 type=1 insize=2255 outsize=536 kw=POINT ok=1
Cmd: compileSnippet
  api=0 type=0 insize=1783 outsize=457 kw= ok=1
Cmd: compileSnippet
  api=0 type=1 insize=1783 outsize=159 kw= ok=1
Cmd: compileSnippet
  api=0 type=0 insize=3996 outsize=905 kw=LIGHTMAP_OFF DIRLIGHTMAP_OFF HDR_LIGHT_PREPASS_OFF ok=1
Cmd: compileSnippet
  api=0 type=1 insize=3996 outsize=297 kw=LIGHTMAP_OFF DIRLIGHTMAP_OFF HDR_LIGHT_PREPASS_OFF ok=1
